<?xml version="1.0" encoding="UTF-8"?>
<!-- Generated by org.testng.reporters.JUnitReportReporter -->
<testsuite skipped="0" hostname="DESKTOP-8PL2JVR" name="TheKiranAcademy.tests.LoginTests" tests="2" failures="0" timestamp="2022-06-11T19:36:52 IST" time="4.390" errors="0">
  <testcase name="test01" time="4.109" classname="TheKiranAcademy.tests.LoginTests"/>
  <system-out/>
  <testcase name="test02" time="0.281" classname="TheKiranAcademy.tests.LoginTests"/>
  <system-out/>
</testsuite> <!-- TheKiranAcademy.tests.LoginTests -->
